<?xml version="1.0" encoding="UTF-8"?>
<TestRun id="3ea7009c-4cae-4468-a827-e6e8de7b201a" name="Administrator@BITF2015WIT1 2016-05-16 20:44:11" runUser="BITF2015WIT1\Administrator" xmlns="http://microsoft.com/schemas/VisualStudio/TeamTest/2010">
  <TestSettings name="Local" id="c0b38666-2f04-4aff-b33a-9eea5a11426e">
    <Description>These are default test settings for a local test run.</Description>
    <Deployment enabled="false" runDeploymentRoot="Administrator_BITF2015WIT1 2016-05-16 20_44_11">
      <DeploymentItem filename="C:\Users\Administrator\Google Drive\RRC\BIT\Year 1\Intersession\Programming 2 Intersession\Assignments\Assignment 3\NETChristianAnglo\BusinessTier\bin\Debug\BusinessTier.dll" />
    </Deployment>
    <Execution>
      <TestTypeSpecific />
      <AgentRule name="Execution Agents">
      </AgentRule>
    </Execution>
  </TestSettings>
  <Times creation="2016-05-16T20:44:11.3915930-05:00" queuing="2016-05-16T20:44:11.4696336-05:00" start="2016-05-16T20:44:11.5791888-05:00" finish="2016-05-16T20:44:11.8449570-05:00" />
  <ResultSummary outcome="Completed">
    <Counters total="1" executed="1" passed="1" error="0" failed="0" timeout="0" aborted="0" inconclusive="0" passedButRunAborted="0" notRunnable="0" notExecuted="0" disconnected="0" warning="0" completed="0" inProgress="0" pending="0" />
  </ResultSummary>
  <TestDefinitions>
    <UnitTest name="GetTotalTest" storage="c:\users\administrator\google drive\rrc\bit\year 1\intersession\programming 2 intersession\assignments\assignment 3\netchristiananglo\testchristiananglo\bin\debug\testchristiananglo.dll" id="66e8f18b-4474-bf82-47be-fd6a3cd6406a">
      <Execution id="95631b22-dcd1-453d-8cb1-e0f49ff6724e" />
      <TestMethod codeBase="C:/Users/Administrator/Google Drive/RRC/BIT/Year 1/Intersession/Programming 2 Intersession/Assignments/Assignment 3/NETChristianAnglo/TestChristianAnglo/bin/Debug/TestChristianAnglo.DLL" adapterTypeName="Microsoft.VisualStudio.TestTools.TestTypes.Unit.UnitTestAdapter, Microsoft.VisualStudio.QualityTools.Tips.UnitTest.Adapter, Version=10.0.0.0, Culture=neutral, PublicKeyToken=b03f5f7f11d50a3a" className="TestChristianAnglo.SalesQuoteTest, TestChristianAnglo, Version=1.0.0.0, Culture=neutral, PublicKeyToken=null" name="GetTotalTest" />
    </UnitTest>
  </TestDefinitions>
  <TestLists>
    <TestList name="Results Not in a List" id="8c84fa94-04c1-424b-9868-57a2d4851a1d" />
    <TestList name="All Loaded Results" id="19431567-8539-422a-85d7-44ee4e166bda" />
  </TestLists>
  <TestEntries>
    <TestEntry testId="66e8f18b-4474-bf82-47be-fd6a3cd6406a" executionId="95631b22-dcd1-453d-8cb1-e0f49ff6724e" testListId="8c84fa94-04c1-424b-9868-57a2d4851a1d" />
  </TestEntries>
  <Results>
    <UnitTestResult executionId="95631b22-dcd1-453d-8cb1-e0f49ff6724e" testId="66e8f18b-4474-bf82-47be-fd6a3cd6406a" testName="GetTotalTest" computerName="BITF2015WIT1" duration="00:00:00.0115149" startTime="2016-05-16T20:44:11.6258047-05:00" endTime="2016-05-16T20:44:11.7664143-05:00" testType="13cdc9d9-ddb5-4fa4-a97d-d965ccfc6d4b" outcome="Passed" testListId="8c84fa94-04c1-424b-9868-57a2d4851a1d" relativeResultsDirectory="95631b22-dcd1-453d-8cb1-e0f49ff6724e">
    </UnitTestResult>
  </Results>
</TestRun>