<?xml version="1.0" encoding="UTF-8"?>
<TestRun id="98a642d4-ea37-434a-842a-139c3a64c0bc" name="Administrator@BITF2015WIT1 2016-05-16 20:05:16" runUser="BITF2015WIT1\Administrator" xmlns="http://microsoft.com/schemas/VisualStudio/TeamTest/2010">
  <TestSettings name="Local" id="c0b38666-2f04-4aff-b33a-9eea5a11426e">
    <Description>These are default test settings for a local test run.</Description>
    <Deployment enabled="false" runDeploymentRoot="Administrator_BITF2015WIT1 2016-05-16 20_05_16">
      <DeploymentItem filename="C:\Users\Administrator\Google Drive\RRC\BIT\Year 1\Intersession\Programming 2 Intersession\Assignments\Assignment 3\NETChristianAnglo\BusinessTier\bin\Debug\BusinessTier.dll" />
    </Deployment>
    <Execution>
      <TestTypeSpecific />
      <AgentRule name="Execution Agents">
      </AgentRule>
    </Execution>
  </TestSettings>
  <Times creation="2016-05-16T20:05:16.3964815-05:00" queuing="2016-05-16T20:05:16.5162832-05:00" start="2016-05-16T20:05:16.5718375-05:00" finish="2016-05-16T20:05:17.3253949-05:00" />
  <ResultSummary outcome="Completed">
    <Counters total="13" executed="13" passed="13" error="0" failed="0" timeout="0" aborted="0" inconclusive="0" passedButRunAborted="0" notRunnable="0" notExecuted="0" disconnected="0" warning="0" completed="0" inProgress="0" pending="0" />
  </ResultSummary>
  <TestDefinitions>
    <UnitTest name="GetAccessoryCostNoneTest" storage="c:\users\administrator\google drive\rrc\bit\year 1\intersession\programming 2 intersession\assignments\assignment 3\netchristiananglo\testchristiananglo\bin\debug\testchristiananglo.dll" id="db9919f2-3a23-ece0-6012-0c73952f6838">
      <Execution id="18b67112-2fd0-40ad-81c8-55b261f90f10" />
      <TestMethod codeBase="C:/Users/Administrator/Google Drive/RRC/BIT/Year 1/Intersession/Programming 2 Intersession/Assignments/Assignment 3/NETChristianAnglo/TestChristianAnglo/bin/Debug/TestChristianAnglo.DLL" adapterTypeName="Microsoft.VisualStudio.TestTools.TestTypes.Unit.UnitTestAdapter, Microsoft.VisualStudio.QualityTools.Tips.UnitTest.Adapter, Version=10.0.0.0, Culture=neutral, PublicKeyToken=b03f5f7f11d50a3a" className="TestChristianAnglo.SalesQuoteTest, TestChristianAnglo, Version=1.0.0.0, Culture=neutral, PublicKeyToken=null" name="GetAccessoryCostNoneTest" />
    </UnitTest>
    <UnitTest name="GetAccessoryCostLeatherAndNavigationTest" storage="c:\users\administrator\google drive\rrc\bit\year 1\intersession\programming 2 intersession\assignments\assignment 3\netchristiananglo\testchristiananglo\bin\debug\testchristiananglo.dll" id="8de06300-9822-4435-2482-11422ee6afc8">
      <Execution id="a7e219f3-baf1-4782-a455-12c06abe0b50" />
      <TestMethod codeBase="C:/Users/Administrator/Google Drive/RRC/BIT/Year 1/Intersession/Programming 2 Intersession/Assignments/Assignment 3/NETChristianAnglo/TestChristianAnglo/bin/Debug/TestChristianAnglo.DLL" adapterTypeName="Microsoft.VisualStudio.TestTools.TestTypes.Unit.UnitTestAdapter, Microsoft.VisualStudio.QualityTools.Tips.UnitTest.Adapter, Version=10.0.0.0, Culture=neutral, PublicKeyToken=b03f5f7f11d50a3a" className="TestChristianAnglo.SalesQuoteTest, TestChristianAnglo, Version=1.0.0.0, Culture=neutral, PublicKeyToken=null" name="GetAccessoryCostLeatherAndNavigationTest" />
    </UnitTest>
    <UnitTest name="GetAccessoryCostStereoSystemTest" storage="c:\users\administrator\google drive\rrc\bit\year 1\intersession\programming 2 intersession\assignments\assignment 3\netchristiananglo\testchristiananglo\bin\debug\testchristiananglo.dll" id="27e33d7f-7bb1-0b00-13d1-1ed65fffaf72">
      <Execution id="8b78aa9a-3e70-4998-8786-09647f7f901c" />
      <TestMethod codeBase="C:/Users/Administrator/Google Drive/RRC/BIT/Year 1/Intersession/Programming 2 Intersession/Assignments/Assignment 3/NETChristianAnglo/TestChristianAnglo/bin/Debug/TestChristianAnglo.DLL" adapterTypeName="Microsoft.VisualStudio.TestTools.TestTypes.Unit.UnitTestAdapter, Microsoft.VisualStudio.QualityTools.Tips.UnitTest.Adapter, Version=10.0.0.0, Culture=neutral, PublicKeyToken=b03f5f7f11d50a3a" className="TestChristianAnglo.SalesQuoteTest, TestChristianAnglo, Version=1.0.0.0, Culture=neutral, PublicKeyToken=null" name="GetAccessoryCostStereoSystemTest" />
    </UnitTest>
    <UnitTest name="GetFinishCostCustomTest" storage="c:\users\administrator\google drive\rrc\bit\year 1\intersession\programming 2 intersession\assignments\assignment 3\netchristiananglo\testchristiananglo\bin\debug\testchristiananglo.dll" id="cc988782-64a6-6ac0-6c34-8536abdb7b09">
      <Execution id="7b8f9eb4-0678-4d45-ba0f-d8fc9f74f2a5" />
      <TestMethod codeBase="C:/Users/Administrator/Google Drive/RRC/BIT/Year 1/Intersession/Programming 2 Intersession/Assignments/Assignment 3/NETChristianAnglo/TestChristianAnglo/bin/Debug/TestChristianAnglo.DLL" adapterTypeName="Microsoft.VisualStudio.TestTools.TestTypes.Unit.UnitTestAdapter, Microsoft.VisualStudio.QualityTools.Tips.UnitTest.Adapter, Version=10.0.0.0, Culture=neutral, PublicKeyToken=b03f5f7f11d50a3a" className="TestChristianAnglo.SalesQuoteTest, TestChristianAnglo, Version=1.0.0.0, Culture=neutral, PublicKeyToken=null" name="GetFinishCostCustomTest" />
    </UnitTest>
    <UnitTest name="GetAccessoryCostAllTest" storage="c:\users\administrator\google drive\rrc\bit\year 1\intersession\programming 2 intersession\assignments\assignment 3\netchristiananglo\testchristiananglo\bin\debug\testchristiananglo.dll" id="6f4a3126-efa1-2dfd-d6bb-1f307bf0351f">
      <Execution id="a1956818-8bc1-4e11-b4fa-ae80f630bd0f" />
      <TestMethod codeBase="C:/Users/Administrator/Google Drive/RRC/BIT/Year 1/Intersession/Programming 2 Intersession/Assignments/Assignment 3/NETChristianAnglo/TestChristianAnglo/bin/Debug/TestChristianAnglo.DLL" adapterTypeName="Microsoft.VisualStudio.TestTools.TestTypes.Unit.UnitTestAdapter, Microsoft.VisualStudio.QualityTools.Tips.UnitTest.Adapter, Version=10.0.0.0, Culture=neutral, PublicKeyToken=b03f5f7f11d50a3a" className="TestChristianAnglo.SalesQuoteTest, TestChristianAnglo, Version=1.0.0.0, Culture=neutral, PublicKeyToken=null" name="GetAccessoryCostAllTest" />
    </UnitTest>
    <UnitTest name="GetAccessoryCostStereoAndLeatherTest" storage="c:\users\administrator\google drive\rrc\bit\year 1\intersession\programming 2 intersession\assignments\assignment 3\netchristiananglo\testchristiananglo\bin\debug\testchristiananglo.dll" id="460211d0-dcb6-d229-f609-f4b213140c77">
      <Execution id="5d2e7ef7-d6ca-4a26-a34f-86c8f5e01af1" />
      <TestMethod codeBase="C:/Users/Administrator/Google Drive/RRC/BIT/Year 1/Intersession/Programming 2 Intersession/Assignments/Assignment 3/NETChristianAnglo/TestChristianAnglo/bin/Debug/TestChristianAnglo.DLL" adapterTypeName="Microsoft.VisualStudio.TestTools.TestTypes.Unit.UnitTestAdapter, Microsoft.VisualStudio.QualityTools.Tips.UnitTest.Adapter, Version=10.0.0.0, Culture=neutral, PublicKeyToken=b03f5f7f11d50a3a" className="TestChristianAnglo.SalesQuoteTest, TestChristianAnglo, Version=1.0.0.0, Culture=neutral, PublicKeyToken=null" name="GetAccessoryCostStereoAndLeatherTest" />
    </UnitTest>
    <UnitTest name="GetFinishCostPearlizedTest" storage="c:\users\administrator\google drive\rrc\bit\year 1\intersession\programming 2 intersession\assignments\assignment 3\netchristiananglo\testchristiananglo\bin\debug\testchristiananglo.dll" id="9512941a-2a8b-13fc-6523-bcfd72aba5bc">
      <Execution id="a6f5a7be-d706-4cef-a477-79775e614d61" />
      <TestMethod codeBase="C:/Users/Administrator/Google Drive/RRC/BIT/Year 1/Intersession/Programming 2 Intersession/Assignments/Assignment 3/NETChristianAnglo/TestChristianAnglo/bin/Debug/TestChristianAnglo.DLL" adapterTypeName="Microsoft.VisualStudio.TestTools.TestTypes.Unit.UnitTestAdapter, Microsoft.VisualStudio.QualityTools.Tips.UnitTest.Adapter, Version=10.0.0.0, Culture=neutral, PublicKeyToken=b03f5f7f11d50a3a" className="TestChristianAnglo.SalesQuoteTest, TestChristianAnglo, Version=1.0.0.0, Culture=neutral, PublicKeyToken=null" name="GetFinishCostPearlizedTest" />
    </UnitTest>
    <UnitTest name="GetAccessoryCostStereoAndNavigationTest" storage="c:\users\administrator\google drive\rrc\bit\year 1\intersession\programming 2 intersession\assignments\assignment 3\netchristiananglo\testchristiananglo\bin\debug\testchristiananglo.dll" id="b2c46202-6037-d126-d612-c0fccb7d4d01">
      <Execution id="7df5630b-0d0b-4878-a4b4-dca804e1a72d" />
      <TestMethod codeBase="C:/Users/Administrator/Google Drive/RRC/BIT/Year 1/Intersession/Programming 2 Intersession/Assignments/Assignment 3/NETChristianAnglo/TestChristianAnglo/bin/Debug/TestChristianAnglo.DLL" adapterTypeName="Microsoft.VisualStudio.TestTools.TestTypes.Unit.UnitTestAdapter, Microsoft.VisualStudio.QualityTools.Tips.UnitTest.Adapter, Version=10.0.0.0, Culture=neutral, PublicKeyToken=b03f5f7f11d50a3a" className="TestChristianAnglo.SalesQuoteTest, TestChristianAnglo, Version=1.0.0.0, Culture=neutral, PublicKeyToken=null" name="GetAccessoryCostStereoAndNavigationTest" />
    </UnitTest>
    <UnitTest name="GetFinishCostNoneTest" storage="c:\users\administrator\google drive\rrc\bit\year 1\intersession\programming 2 intersession\assignments\assignment 3\netchristiananglo\testchristiananglo\bin\debug\testchristiananglo.dll" id="7ef04d87-7dec-d3ae-933d-dcb14d576ad1">
      <Execution id="7f300daa-6336-4140-8399-df7ac03c6b8c" />
      <TestMethod codeBase="C:/Users/Administrator/Google Drive/RRC/BIT/Year 1/Intersession/Programming 2 Intersession/Assignments/Assignment 3/NETChristianAnglo/TestChristianAnglo/bin/Debug/TestChristianAnglo.DLL" adapterTypeName="Microsoft.VisualStudio.TestTools.TestTypes.Unit.UnitTestAdapter, Microsoft.VisualStudio.QualityTools.Tips.UnitTest.Adapter, Version=10.0.0.0, Culture=neutral, PublicKeyToken=b03f5f7f11d50a3a" className="TestChristianAnglo.SalesQuoteTest, TestChristianAnglo, Version=1.0.0.0, Culture=neutral, PublicKeyToken=null" name="GetFinishCostNoneTest" />
    </UnitTest>
    <UnitTest name="SalesQuoteConstructorTest" storage="c:\users\administrator\google drive\rrc\bit\year 1\intersession\programming 2 intersession\assignments\assignment 3\netchristiananglo\testchristiananglo\bin\debug\testchristiananglo.dll" id="624b3b86-2ae2-6a34-4af0-fbe0c3312bdd">
      <Execution id="fbb1bfe3-05fb-4c7f-a904-a5ae357e584d" />
      <TestMethod codeBase="C:/Users/Administrator/Google Drive/RRC/BIT/Year 1/Intersession/Programming 2 Intersession/Assignments/Assignment 3/NETChristianAnglo/TestChristianAnglo/bin/Debug/TestChristianAnglo.DLL" adapterTypeName="Microsoft.VisualStudio.TestTools.TestTypes.Unit.UnitTestAdapter, Microsoft.VisualStudio.QualityTools.Tips.UnitTest.Adapter, Version=10.0.0.0, Culture=neutral, PublicKeyToken=b03f5f7f11d50a3a" className="TestChristianAnglo.SalesQuoteTest, TestChristianAnglo, Version=1.0.0.0, Culture=neutral, PublicKeyToken=null" name="SalesQuoteConstructorTest" />
    </UnitTest>
    <UnitTest name="GetFinishCostStandardTest" storage="c:\users\administrator\google drive\rrc\bit\year 1\intersession\programming 2 intersession\assignments\assignment 3\netchristiananglo\testchristiananglo\bin\debug\testchristiananglo.dll" id="d3272536-82e3-7f82-dc00-12ba9cfce9d2">
      <Execution id="a07ec496-8945-43df-a331-7b4d0ca7a80b" />
      <TestMethod codeBase="C:/Users/Administrator/Google Drive/RRC/BIT/Year 1/Intersession/Programming 2 Intersession/Assignments/Assignment 3/NETChristianAnglo/TestChristianAnglo/bin/Debug/TestChristianAnglo.DLL" adapterTypeName="Microsoft.VisualStudio.TestTools.TestTypes.Unit.UnitTestAdapter, Microsoft.VisualStudio.QualityTools.Tips.UnitTest.Adapter, Version=10.0.0.0, Culture=neutral, PublicKeyToken=b03f5f7f11d50a3a" className="TestChristianAnglo.SalesQuoteTest, TestChristianAnglo, Version=1.0.0.0, Culture=neutral, PublicKeyToken=null" name="GetFinishCostStandardTest" />
    </UnitTest>
    <UnitTest name="GetAccessoryCostComputerNavigationTest" storage="c:\users\administrator\google drive\rrc\bit\year 1\intersession\programming 2 intersession\assignments\assignment 3\netchristiananglo\testchristiananglo\bin\debug\testchristiananglo.dll" id="80a2abd0-f247-fffc-77a7-a7cfb28a3a26">
      <Execution id="62a81294-9fb9-43ee-a2c8-f53e8d486dca" />
      <TestMethod codeBase="C:/Users/Administrator/Google Drive/RRC/BIT/Year 1/Intersession/Programming 2 Intersession/Assignments/Assignment 3/NETChristianAnglo/TestChristianAnglo/bin/Debug/TestChristianAnglo.DLL" adapterTypeName="Microsoft.VisualStudio.TestTools.TestTypes.Unit.UnitTestAdapter, Microsoft.VisualStudio.QualityTools.Tips.UnitTest.Adapter, Version=10.0.0.0, Culture=neutral, PublicKeyToken=b03f5f7f11d50a3a" className="TestChristianAnglo.SalesQuoteTest, TestChristianAnglo, Version=1.0.0.0, Culture=neutral, PublicKeyToken=null" name="GetAccessoryCostComputerNavigationTest" />
    </UnitTest>
    <UnitTest name="GetAccessoryCostLeatherInteriorTest" storage="c:\users\administrator\google drive\rrc\bit\year 1\intersession\programming 2 intersession\assignments\assignment 3\netchristiananglo\testchristiananglo\bin\debug\testchristiananglo.dll" id="7fe69506-6d23-71a2-98bd-760a3034c69f">
      <Execution id="e84b1cd5-2322-4655-b7f5-e32f3e219a19" />
      <TestMethod codeBase="C:/Users/Administrator/Google Drive/RRC/BIT/Year 1/Intersession/Programming 2 Intersession/Assignments/Assignment 3/NETChristianAnglo/TestChristianAnglo/bin/Debug/TestChristianAnglo.DLL" adapterTypeName="Microsoft.VisualStudio.TestTools.TestTypes.Unit.UnitTestAdapter, Microsoft.VisualStudio.QualityTools.Tips.UnitTest.Adapter, Version=10.0.0.0, Culture=neutral, PublicKeyToken=b03f5f7f11d50a3a" className="TestChristianAnglo.SalesQuoteTest, TestChristianAnglo, Version=1.0.0.0, Culture=neutral, PublicKeyToken=null" name="GetAccessoryCostLeatherInteriorTest" />
    </UnitTest>
  </TestDefinitions>
  <TestLists>
    <TestList name="Results Not in a List" id="8c84fa94-04c1-424b-9868-57a2d4851a1d" />
    <TestList name="All Loaded Results" id="19431567-8539-422a-85d7-44ee4e166bda" />
  </TestLists>
  <TestEntries>
    <TestEntry testId="27e33d7f-7bb1-0b00-13d1-1ed65fffaf72" executionId="8b78aa9a-3e70-4998-8786-09647f7f901c" testListId="8c84fa94-04c1-424b-9868-57a2d4851a1d" />
    <TestEntry testId="460211d0-dcb6-d229-f609-f4b213140c77" executionId="5d2e7ef7-d6ca-4a26-a34f-86c8f5e01af1" testListId="8c84fa94-04c1-424b-9868-57a2d4851a1d" />
    <TestEntry testId="624b3b86-2ae2-6a34-4af0-fbe0c3312bdd" executionId="fbb1bfe3-05fb-4c7f-a904-a5ae357e584d" testListId="8c84fa94-04c1-424b-9868-57a2d4851a1d" />
    <TestEntry testId="6f4a3126-efa1-2dfd-d6bb-1f307bf0351f" executionId="a1956818-8bc1-4e11-b4fa-ae80f630bd0f" testListId="8c84fa94-04c1-424b-9868-57a2d4851a1d" />
    <TestEntry testId="7ef04d87-7dec-d3ae-933d-dcb14d576ad1" executionId="7f300daa-6336-4140-8399-df7ac03c6b8c" testListId="8c84fa94-04c1-424b-9868-57a2d4851a1d" />
    <TestEntry testId="7fe69506-6d23-71a2-98bd-760a3034c69f" executionId="e84b1cd5-2322-4655-b7f5-e32f3e219a19" testListId="8c84fa94-04c1-424b-9868-57a2d4851a1d" />
    <TestEntry testId="80a2abd0-f247-fffc-77a7-a7cfb28a3a26" executionId="62a81294-9fb9-43ee-a2c8-f53e8d486dca" testListId="8c84fa94-04c1-424b-9868-57a2d4851a1d" />
    <TestEntry testId="8de06300-9822-4435-2482-11422ee6afc8" executionId="a7e219f3-baf1-4782-a455-12c06abe0b50" testListId="8c84fa94-04c1-424b-9868-57a2d4851a1d" />
    <TestEntry testId="9512941a-2a8b-13fc-6523-bcfd72aba5bc" executionId="a6f5a7be-d706-4cef-a477-79775e614d61" testListId="8c84fa94-04c1-424b-9868-57a2d4851a1d" />
    <TestEntry testId="b2c46202-6037-d126-d612-c0fccb7d4d01" executionId="7df5630b-0d0b-4878-a4b4-dca804e1a72d" testListId="8c84fa94-04c1-424b-9868-57a2d4851a1d" />
    <TestEntry testId="cc988782-64a6-6ac0-6c34-8536abdb7b09" executionId="7b8f9eb4-0678-4d45-ba0f-d8fc9f74f2a5" testListId="8c84fa94-04c1-424b-9868-57a2d4851a1d" />
    <TestEntry testId="d3272536-82e3-7f82-dc00-12ba9cfce9d2" executionId="a07ec496-8945-43df-a331-7b4d0ca7a80b" testListId="8c84fa94-04c1-424b-9868-57a2d4851a1d" />
    <TestEntry testId="db9919f2-3a23-ece0-6012-0c73952f6838" executionId="18b67112-2fd0-40ad-81c8-55b261f90f10" testListId="8c84fa94-04c1-424b-9868-57a2d4851a1d" />
  </TestEntries>
  <Results>
    <UnitTestResult executionId="8b78aa9a-3e70-4998-8786-09647f7f901c" testId="27e33d7f-7bb1-0b00-13d1-1ed65fffaf72" testName="GetAccessoryCostStereoSystemTest" computerName="BITF2015WIT1" duration="00:00:00.0128740" startTime="2016-05-16T20:05:16.6338813-05:00" endTime="2016-05-16T20:05:16.8210435-05:00" testType="13cdc9d9-ddb5-4fa4-a97d-d965ccfc6d4b" outcome="Passed" testListId="8c84fa94-04c1-424b-9868-57a2d4851a1d" relativeResultsDirectory="8b78aa9a-3e70-4998-8786-09647f7f901c">
    </UnitTestResult>
    <UnitTestResult executionId="5d2e7ef7-d6ca-4a26-a34f-86c8f5e01af1" testId="460211d0-dcb6-d229-f609-f4b213140c77" testName="GetAccessoryCostStereoAndLeatherTest" computerName="BITF2015WIT1" duration="00:00:00.0135437" startTime="2016-05-16T20:05:16.8971024-05:00" endTime="2016-05-16T20:05:16.9641451-05:00" testType="13cdc9d9-ddb5-4fa4-a97d-d965ccfc6d4b" outcome="Passed" testListId="8c84fa94-04c1-424b-9868-57a2d4851a1d" relativeResultsDirectory="5d2e7ef7-d6ca-4a26-a34f-86c8f5e01af1">
    </UnitTestResult>
    <UnitTestResult executionId="fbb1bfe3-05fb-4c7f-a904-a5ae357e584d" testId="624b3b86-2ae2-6a34-4af0-fbe0c3312bdd" testName="SalesQuoteConstructorTest" computerName="BITF2015WIT1" duration="00:00:00.0014865" startTime="2016-05-16T20:05:16.9821583-05:00" endTime="2016-05-16T20:05:16.9881480-05:00" testType="13cdc9d9-ddb5-4fa4-a97d-d965ccfc6d4b" outcome="Passed" testListId="8c84fa94-04c1-424b-9868-57a2d4851a1d" relativeResultsDirectory="fbb1bfe3-05fb-4c7f-a904-a5ae357e584d">
    </UnitTestResult>
    <UnitTestResult executionId="a1956818-8bc1-4e11-b4fa-ae80f630bd0f" testId="6f4a3126-efa1-2dfd-d6bb-1f307bf0351f" testName="GetAccessoryCostAllTest" computerName="BITF2015WIT1" duration="00:00:00.0014565" startTime="2016-05-16T20:05:17.0041734-05:00" endTime="2016-05-16T20:05:17.0101746-05:00" testType="13cdc9d9-ddb5-4fa4-a97d-d965ccfc6d4b" outcome="Passed" testListId="8c84fa94-04c1-424b-9868-57a2d4851a1d" relativeResultsDirectory="a1956818-8bc1-4e11-b4fa-ae80f630bd0f">
    </UnitTestResult>
    <UnitTestResult executionId="7f300daa-6336-4140-8399-df7ac03c6b8c" testId="7ef04d87-7dec-d3ae-933d-dcb14d576ad1" testName="GetFinishCostNoneTest" computerName="BITF2015WIT1" duration="00:00:00.0005123" startTime="2016-05-16T20:05:17.0241644-05:00" endTime="2016-05-16T20:05:17.0291782-05:00" testType="13cdc9d9-ddb5-4fa4-a97d-d965ccfc6d4b" outcome="Passed" testListId="8c84fa94-04c1-424b-9868-57a2d4851a1d" relativeResultsDirectory="7f300daa-6336-4140-8399-df7ac03c6b8c">
    </UnitTestResult>
    <UnitTestResult executionId="e84b1cd5-2322-4655-b7f5-e32f3e219a19" testId="7fe69506-6d23-71a2-98bd-760a3034c69f" testName="GetAccessoryCostLeatherInteriorTest" computerName="BITF2015WIT1" duration="00:00:00.0002736" startTime="2016-05-16T20:05:17.0441884-05:00" endTime="2016-05-16T20:05:17.0472047-05:00" testType="13cdc9d9-ddb5-4fa4-a97d-d965ccfc6d4b" outcome="Passed" testListId="8c84fa94-04c1-424b-9868-57a2d4851a1d" relativeResultsDirectory="e84b1cd5-2322-4655-b7f5-e32f3e219a19">
    </UnitTestResult>
    <UnitTestResult executionId="62a81294-9fb9-43ee-a2c8-f53e8d486dca" testId="80a2abd0-f247-fffc-77a7-a7cfb28a3a26" testName="GetAccessoryCostComputerNavigationTest" computerName="BITF2015WIT1" duration="00:00:00.0011721" startTime="2016-05-16T20:05:17.0622148-05:00" endTime="2016-05-16T20:05:17.0662044-05:00" testType="13cdc9d9-ddb5-4fa4-a97d-d965ccfc6d4b" outcome="Passed" testListId="8c84fa94-04c1-424b-9868-57a2d4851a1d" relativeResultsDirectory="62a81294-9fb9-43ee-a2c8-f53e8d486dca">
    </UnitTestResult>
    <UnitTestResult executionId="a7e219f3-baf1-4782-a455-12c06abe0b50" testId="8de06300-9822-4435-2482-11422ee6afc8" testName="GetAccessoryCostLeatherAndNavigationTest" computerName="BITF2015WIT1" duration="00:00:00.0003164" startTime="2016-05-16T20:05:17.0782125-05:00" endTime="2016-05-16T20:05:17.0852273-05:00" testType="13cdc9d9-ddb5-4fa4-a97d-d965ccfc6d4b" outcome="Passed" testListId="8c84fa94-04c1-424b-9868-57a2d4851a1d" relativeResultsDirectory="a7e219f3-baf1-4782-a455-12c06abe0b50">
    </UnitTestResult>
    <UnitTestResult executionId="a6f5a7be-d706-4cef-a477-79775e614d61" testId="9512941a-2a8b-13fc-6523-bcfd72aba5bc" testName="GetFinishCostPearlizedTest" computerName="BITF2015WIT1" duration="00:00:00.0019146" startTime="2016-05-16T20:05:17.1012223-05:00" endTime="2016-05-16T20:05:17.1082217-05:00" testType="13cdc9d9-ddb5-4fa4-a97d-d965ccfc6d4b" outcome="Passed" testListId="8c84fa94-04c1-424b-9868-57a2d4851a1d" relativeResultsDirectory="a6f5a7be-d706-4cef-a477-79775e614d61">
    </UnitTestResult>
    <UnitTestResult executionId="7df5630b-0d0b-4878-a4b4-dca804e1a72d" testId="b2c46202-6037-d126-d612-c0fccb7d4d01" testName="GetAccessoryCostStereoAndNavigationTest" computerName="BITF2015WIT1" duration="00:00:00.0012889" startTime="2016-05-16T20:05:17.1272484-05:00" endTime="2016-05-16T20:05:17.1492503-05:00" testType="13cdc9d9-ddb5-4fa4-a97d-d965ccfc6d4b" outcome="Passed" testListId="8c84fa94-04c1-424b-9868-57a2d4851a1d" relativeResultsDirectory="7df5630b-0d0b-4878-a4b4-dca804e1a72d">
    </UnitTestResult>
    <UnitTestResult executionId="7b8f9eb4-0678-4d45-ba0f-d8fc9f74f2a5" testId="cc988782-64a6-6ac0-6c34-8536abdb7b09" testName="GetFinishCostCustomTest" computerName="BITF2015WIT1" duration="00:00:00.0004870" startTime="2016-05-16T20:05:17.1652740-05:00" endTime="2016-05-16T20:05:17.1752794-05:00" testType="13cdc9d9-ddb5-4fa4-a97d-d965ccfc6d4b" outcome="Passed" testListId="8c84fa94-04c1-424b-9868-57a2d4851a1d" relativeResultsDirectory="7b8f9eb4-0678-4d45-ba0f-d8fc9f74f2a5">
    </UnitTestResult>
    <UnitTestResult executionId="a07ec496-8945-43df-a331-7b4d0ca7a80b" testId="d3272536-82e3-7f82-dc00-12ba9cfce9d2" testName="GetFinishCostStandardTest" computerName="BITF2015WIT1" duration="00:00:00.0002933" startTime="2016-05-16T20:05:17.1963075-05:00" endTime="2016-05-16T20:05:17.1993105-05:00" testType="13cdc9d9-ddb5-4fa4-a97d-d965ccfc6d4b" outcome="Passed" testListId="8c84fa94-04c1-424b-9868-57a2d4851a1d" relativeResultsDirectory="a07ec496-8945-43df-a331-7b4d0ca7a80b">
    </UnitTestResult>
    <UnitTestResult executionId="18b67112-2fd0-40ad-81c8-55b261f90f10" testId="db9919f2-3a23-ece0-6012-0c73952f6838" testName="GetAccessoryCostNoneTest" computerName="BITF2015WIT1" duration="00:00:00.0011448" startTime="2016-05-16T20:05:17.2183235-05:00" endTime="2016-05-16T20:05:17.2233390-05:00" testType="13cdc9d9-ddb5-4fa4-a97d-d965ccfc6d4b" outcome="Passed" testListId="8c84fa94-04c1-424b-9868-57a2d4851a1d" relativeResultsDirectory="18b67112-2fd0-40ad-81c8-55b261f90f10">
    </UnitTestResult>
  </Results>
</TestRun>