<?xml version="1.0" encoding="UTF-8"?>
<TestRun id="1fb98a3c-8b92-4a90-be4d-147eb462afe7" name="Administrator@BITF2015WIT1 2016-05-16 20:40:06" runUser="BITF2015WIT1\Administrator" xmlns="http://microsoft.com/schemas/VisualStudio/TeamTest/2010">
  <TestSettings name="Local" id="c0b38666-2f04-4aff-b33a-9eea5a11426e">
    <Description>These are default test settings for a local test run.</Description>
    <Deployment enabled="false" runDeploymentRoot="Administrator_BITF2015WIT1 2016-05-16 20_40_06">
      <DeploymentItem filename="C:\Users\Administrator\Google Drive\RRC\BIT\Year 1\Intersession\Programming 2 Intersession\Assignments\Assignment 3\NETChristianAnglo\BusinessTier\bin\Debug\BusinessTier.dll" />
    </Deployment>
    <Execution>
      <TestTypeSpecific />
      <AgentRule name="Execution Agents">
      </AgentRule>
    </Execution>
  </TestSettings>
  <Times creation="2016-05-16T20:40:06.0944436-05:00" queuing="2016-05-16T20:40:06.2506177-05:00" start="2016-05-16T20:40:06.3287079-05:00" finish="2016-05-16T20:40:06.6724834-05:00" />
  <ResultSummary outcome="Failed">
    <Counters total="1" executed="1" error="0" failed="1" timeout="0" aborted="0" inconclusive="0" passedButRunAborted="0" notRunnable="0" notExecuted="0" disconnected="0" warning="0" passed="0" completed="0" inProgress="0" pending="0" />
  </ResultSummary>
  <TestDefinitions>
    <UnitTest name="GetSalesTaxTest" storage="c:\users\administrator\google drive\rrc\bit\year 1\intersession\programming 2 intersession\assignments\assignment 3\netchristiananglo\testchristiananglo\bin\debug\testchristiananglo.dll" id="1e970a9e-e0df-eab4-ea2a-9929ea48e3be">
      <Execution id="523a857a-22fc-4fec-8f3b-db8e76e1b1ee" />
      <TestMethod codeBase="C:/Users/Administrator/Google Drive/RRC/BIT/Year 1/Intersession/Programming 2 Intersession/Assignments/Assignment 3/NETChristianAnglo/TestChristianAnglo/bin/Debug/TestChristianAnglo.DLL" adapterTypeName="Microsoft.VisualStudio.TestTools.TestTypes.Unit.UnitTestAdapter, Microsoft.VisualStudio.QualityTools.Tips.UnitTest.Adapter, Version=10.0.0.0, Culture=neutral, PublicKeyToken=b03f5f7f11d50a3a" className="TestChristianAnglo.SalesQuoteTest, TestChristianAnglo, Version=1.0.0.0, Culture=neutral, PublicKeyToken=null" name="GetSalesTaxTest" />
    </UnitTest>
  </TestDefinitions>
  <TestLists>
    <TestList name="Results Not in a List" id="8c84fa94-04c1-424b-9868-57a2d4851a1d" />
    <TestList name="All Loaded Results" id="19431567-8539-422a-85d7-44ee4e166bda" />
  </TestLists>
  <TestEntries>
    <TestEntry testId="1e970a9e-e0df-eab4-ea2a-9929ea48e3be" executionId="523a857a-22fc-4fec-8f3b-db8e76e1b1ee" testListId="8c84fa94-04c1-424b-9868-57a2d4851a1d" />
  </TestEntries>
  <Results>
    <UnitTestResult executionId="523a857a-22fc-4fec-8f3b-db8e76e1b1ee" testId="1e970a9e-e0df-eab4-ea2a-9929ea48e3be" testName="GetSalesTaxTest" computerName="BITF2015WIT1" duration="00:00:00.0211709" startTime="2016-05-16T20:40:06.4378517-05:00" endTime="2016-05-16T20:40:06.5789138-05:00" testType="13cdc9d9-ddb5-4fa4-a97d-d965ccfc6d4b" outcome="Failed" testListId="8c84fa94-04c1-424b-9868-57a2d4851a1d" relativeResultsDirectory="523a857a-22fc-4fec-8f3b-db8e76e1b1ee">
      <Output>
        <ErrorInfo>
          <Message>Assert.AreEqual failed. Expected:&lt;13031.30&gt;. Actual:&lt;13030.30&gt;. </Message>
          <StackTrace>   at TestChristianAnglo.SalesQuoteTest.GetSalesTaxTest() in C:\Users\Administrator\Google Drive\RRC\BIT\Year 1\Intersession\Programming 2 Intersession\Assignments\Assignment 3\NETChristianAnglo\TestChristianAnglo\SalesQuoteTest.cs:line 390
</StackTrace>
        </ErrorInfo>
      </Output>
    </UnitTestResult>
  </Results>
</TestRun>