<?xml version="1.0" encoding="UTF-8"?>
<TestRun id="e9665c1c-9ab0-4453-a9b9-02c0fcf772a3" name="Administrator@BITF2015WIT1 2016-05-16 20:36:17" runUser="BITF2015WIT1\Administrator" xmlns="http://microsoft.com/schemas/VisualStudio/TeamTest/2010">
  <TestSettings name="Local" id="c0b38666-2f04-4aff-b33a-9eea5a11426e">
    <Description>These are default test settings for a local test run.</Description>
    <Deployment enabled="false" runDeploymentRoot="Administrator_BITF2015WIT1 2016-05-16 20_36_17">
      <DeploymentItem filename="C:\Users\Administrator\Google Drive\RRC\BIT\Year 1\Intersession\Programming 2 Intersession\Assignments\Assignment 3\NETChristianAnglo\BusinessTier\bin\Debug\BusinessTier.dll" />
    </Deployment>
    <Execution>
      <TestTypeSpecific />
      <AgentRule name="Execution Agents">
      </AgentRule>
    </Execution>
  </TestSettings>
  <Times creation="2016-05-16T20:36:17.4221162-05:00" queuing="2016-05-16T20:36:17.5156760-05:00" start="2016-05-16T20:36:17.5467210-05:00" finish="2016-05-16T20:36:17.8749295-05:00" />
  <ResultSummary outcome="Failed">
    <Counters total="1" executed="1" error="0" failed="1" timeout="0" aborted="0" inconclusive="0" passedButRunAborted="0" notRunnable="0" notExecuted="0" disconnected="0" warning="0" passed="0" completed="0" inProgress="0" pending="0" />
  </ResultSummary>
  <TestDefinitions>
    <UnitTest name="GetSubtotalTest" storage="c:\users\administrator\google drive\rrc\bit\year 1\intersession\programming 2 intersession\assignments\assignment 3\netchristiananglo\testchristiananglo\bin\debug\testchristiananglo.dll" id="3484b3f4-03b9-8199-4ea4-8cec3aa2454d">
      <Execution id="f028629e-bd70-4918-817f-8f95739a9c0d" />
      <TestMethod codeBase="C:/Users/Administrator/Google Drive/RRC/BIT/Year 1/Intersession/Programming 2 Intersession/Assignments/Assignment 3/NETChristianAnglo/TestChristianAnglo/bin/Debug/TestChristianAnglo.DLL" adapterTypeName="Microsoft.VisualStudio.TestTools.TestTypes.Unit.UnitTestAdapter, Microsoft.VisualStudio.QualityTools.Tips.UnitTest.Adapter, Version=10.0.0.0, Culture=neutral, PublicKeyToken=b03f5f7f11d50a3a" className="TestChristianAnglo.SalesQuoteTest, TestChristianAnglo, Version=1.0.0.0, Culture=neutral, PublicKeyToken=null" name="GetSubtotalTest" />
    </UnitTest>
  </TestDefinitions>
  <TestLists>
    <TestList name="Results Not in a List" id="8c84fa94-04c1-424b-9868-57a2d4851a1d" />
    <TestList name="All Loaded Results" id="19431567-8539-422a-85d7-44ee4e166bda" />
  </TestLists>
  <TestEntries>
    <TestEntry testId="3484b3f4-03b9-8199-4ea4-8cec3aa2454d" executionId="f028629e-bd70-4918-817f-8f95739a9c0d" testListId="8c84fa94-04c1-424b-9868-57a2d4851a1d" />
  </TestEntries>
  <Results>
    <UnitTestResult executionId="f028629e-bd70-4918-817f-8f95739a9c0d" testId="3484b3f4-03b9-8199-4ea4-8cec3aa2454d" testName="GetSubtotalTest" computerName="BITF2015WIT1" duration="00:00:00.0256950" startTime="2016-05-16T20:36:17.6873182-05:00" endTime="2016-05-16T20:36:17.8279236-05:00" testType="13cdc9d9-ddb5-4fa4-a97d-d965ccfc6d4b" outcome="Failed" testListId="8c84fa94-04c1-424b-9868-57a2d4851a1d" relativeResultsDirectory="f028629e-bd70-4918-817f-8f95739a9c0d">
      <Output>
        <ErrorInfo>
          <Message>Assert.AreEqual failed. Expected:&lt;10000&gt;. Actual:&lt;13030.30&gt;. </Message>
          <StackTrace>   at TestChristianAnglo.SalesQuoteTest.GetSubtotalTest() in C:\Users\Administrator\Google Drive\RRC\BIT\Year 1\Intersession\Programming 2 Intersession\Assignments\Assignment 3\NETChristianAnglo\TestChristianAnglo\SalesQuoteTest.cs:line 364
</StackTrace>
        </ErrorInfo>
      </Output>
    </UnitTestResult>
  </Results>
</TestRun>