<?xml version="1.0" encoding="UTF-8"?>
<TestRun id="cdf430e4-9b7d-4e6c-9660-6c4263b15efd" name="Administrator@BITF2015WIT1 2016-05-16 20:29:30" runUser="BITF2015WIT1\Administrator" xmlns="http://microsoft.com/schemas/VisualStudio/TeamTest/2010">
  <TestSettings name="Local" id="c0b38666-2f04-4aff-b33a-9eea5a11426e">
    <Description>These are default test settings for a local test run.</Description>
    <Deployment enabled="false" runDeploymentRoot="Administrator_BITF2015WIT1 2016-05-16 20_29_30">
      <DeploymentItem filename="C:\Users\Administrator\Google Drive\RRC\BIT\Year 1\Intersession\Programming 2 Intersession\Assignments\Assignment 3\NETChristianAnglo\BusinessTier\bin\Debug\BusinessTier.dll" />
    </Deployment>
    <Execution>
      <TestTypeSpecific />
      <AgentRule name="Execution Agents">
      </AgentRule>
    </Execution>
  </TestSettings>
  <Times creation="2016-05-16T20:29:30.1707475-05:00" queuing="2016-05-16T20:29:30.2491859-05:00" start="2016-05-16T20:29:30.3427892-05:00" finish="2016-05-16T20:29:30.6865198-05:00" />
  <ResultSummary outcome="Failed">
    <Counters total="1" executed="1" error="0" failed="1" timeout="0" aborted="0" inconclusive="0" passedButRunAborted="0" notRunnable="0" notExecuted="0" disconnected="0" warning="0" passed="0" completed="0" inProgress="0" pending="0" />
  </ResultSummary>
  <TestDefinitions>
    <UnitTest name="GetSubtotalTest" storage="c:\users\administrator\google drive\rrc\bit\year 1\intersession\programming 2 intersession\assignments\assignment 3\netchristiananglo\testchristiananglo\bin\debug\testchristiananglo.dll" id="3484b3f4-03b9-8199-4ea4-8cec3aa2454d">
      <Execution id="b2ced8b8-61dc-4dee-80b8-065ccf6fc8bf" />
      <TestMethod codeBase="C:/Users/Administrator/Google Drive/RRC/BIT/Year 1/Intersession/Programming 2 Intersession/Assignments/Assignment 3/NETChristianAnglo/TestChristianAnglo/bin/Debug/TestChristianAnglo.DLL" adapterTypeName="Microsoft.VisualStudio.TestTools.TestTypes.Unit.UnitTestAdapter, Microsoft.VisualStudio.QualityTools.Tips.UnitTest.Adapter, Version=10.0.0.0, Culture=neutral, PublicKeyToken=b03f5f7f11d50a3a" className="TestChristianAnglo.SalesQuoteTest, TestChristianAnglo, Version=1.0.0.0, Culture=neutral, PublicKeyToken=null" name="GetSubtotalTest" />
    </UnitTest>
  </TestDefinitions>
  <TestLists>
    <TestList name="Results Not in a List" id="8c84fa94-04c1-424b-9868-57a2d4851a1d" />
    <TestList name="All Loaded Results" id="19431567-8539-422a-85d7-44ee4e166bda" />
  </TestLists>
  <TestEntries>
    <TestEntry testId="3484b3f4-03b9-8199-4ea4-8cec3aa2454d" executionId="b2ced8b8-61dc-4dee-80b8-065ccf6fc8bf" testListId="8c84fa94-04c1-424b-9868-57a2d4851a1d" />
  </TestEntries>
  <Results>
    <UnitTestResult executionId="b2ced8b8-61dc-4dee-80b8-065ccf6fc8bf" testId="3484b3f4-03b9-8199-4ea4-8cec3aa2454d" testName="GetSubtotalTest" computerName="BITF2015WIT1" duration="00:00:00.0228417" startTime="2016-05-16T20:29:30.4523680-05:00" endTime="2016-05-16T20:29:30.5929806-05:00" testType="13cdc9d9-ddb5-4fa4-a97d-d965ccfc6d4b" outcome="Failed" testListId="8c84fa94-04c1-424b-9868-57a2d4851a1d" relativeResultsDirectory="b2ced8b8-61dc-4dee-80b8-065ccf6fc8bf">
      <Output>
        <ErrorInfo>
          <Message>Assert.AreEqual failed. Expected:&lt;10007&gt;. Actual:&lt;13030.30&gt;. </Message>
          <StackTrace>   at TestChristianAnglo.SalesQuoteTest.GetSubtotalTest() in C:\Users\Administrator\Google Drive\RRC\BIT\Year 1\Intersession\Programming 2 Intersession\Assignments\Assignment 3\NETChristianAnglo\TestChristianAnglo\SalesQuoteTest.cs:line 364
</StackTrace>
        </ErrorInfo>
      </Output>
    </UnitTestResult>
  </Results>
</TestRun>